<?xml version="1.0" encoding="UTF-8"?>
<!-- Generated by org.testng.reporters.JUnitReportReporter -->
<testsuite hostname="EPINHYDW0963" failures="0" tests="1" name="TestNGFramework.PersonalLoan" time="0.001" errors="0" timestamp="2024-07-15T18:14:04 IST" skipped="0">
  <testcase classname="TestNGFramework.PersonalLoan" name="smallAmount" time="0.001"/>
  <system-out/>
</testsuite> <!-- TestNGFramework.PersonalLoan -->
