<?xml version="1.0" encoding="UTF-8"?>
<!-- Generated by org.testng.reporters.JUnitReportReporter -->
<testsuite hostname="EPINHYDW0963" failures="0" tests="5" name="TestNGFramework.SavingsAccount" time="0.007" errors="0" timestamp="2024-07-15T18:14:04 IST" skipped="0">
  <testcase classname="TestNGFramework.SavingsAccount" name="Login" time="0.001"/>
  <system-out/>
  <testcase classname="TestNGFramework.SavingsAccount" name="accountSummary" time="0.001"/>
  <system-out/>
  <testcase classname="TestNGFramework.SavingsAccount" name="Login" time="0.001"/>
  <system-out/>
  <testcase classname="TestNGFramework.SavingsAccount" name="Login" time="0.004"/>
  <system-out/>
  <testcase classname="TestNGFramework.SavingsAccount" name="logout" time="0.000"/>
  <system-out/>
</testsuite> <!-- TestNGFramework.SavingsAccount -->
