<?xml version="1.0" encoding="UTF-8"?>
<!-- Generated by org.testng.reporters.JUnitReportReporter -->
<testsuite hostname="EPINHYDW0963" failures="0" tests="3" name="TestNGFramework.CreditCards" time="0.002" errors="0" timestamp="2024-07-15T18:14:04 IST" skipped="0">
  <testcase classname="TestNGFramework.CreditCards" name="paymentDues" time="0.001"/>
  <system-out/>
  <testcase classname="TestNGFramework.CreditCards" name="visaCards" time="0.000"/>
  <system-out/>
  <testcase classname="TestNGFramework.CreditCards" name="masterCards" time="0.001"/>
  <system-out/>
</testsuite> <!-- TestNGFramework.CreditCards -->
